--------------------------------------------------------------------------------
Release 14.2 Trace  (nt)
Copyright (c) 1995-2012 Xilinx, Inc.  All rights reserved.

D:\Xilinx\14.2\ISE_DS\ISE\bin\nt\unwrapped\trce.exe -intstyle ise -v 3 -s 3 -n
3 -fastpaths -xml BasicHomework2.twx BasicHomework2.ncd -o BasicHomework2.twr
BasicHomework2.pcf

Design file:              BasicHomework2.ncd
Physical constraint file: BasicHomework2.pcf
Device,package,speed:     xc6slx16,csg324,C,-3 (PRODUCTION 1.22 2012-07-09)
Report level:             verbose report

Environment Variable      Effect 
--------------------      ------ 
NONE                      No environment variables were set
--------------------------------------------------------------------------------

INFO:Timing:2698 - No timing constraints found, doing default enumeration.
INFO:Timing:3412 - To improve timing, see the Timing Closure User Guide (UG612).
INFO:Timing:2752 - To get complete path coverage, use the unconstrained paths 
   option. All paths that are not constrained will be reported in the 
   unconstrained paths section(s) of the report.
INFO:Timing:3339 - The clock-to-out numbers in this timing report are based on 
   a 50 Ohm transmission line loading model.  For the details of this model, 
   and for more information on accounting for different loading conditions, 
   please see the device datasheet.



Data Sheet report:
-----------------
All values displayed in nanoseconds (ns)

Pad to Pad
---------------+---------------+---------+
Source Pad     |Destination Pad|  Delay  |
---------------+---------------+---------+
A<0>           |Y<0>           |    6.543|
A<1>           |Y<1>           |    7.106|
B<0>           |Y<0>           |    6.888|
B<1>           |Y<1>           |    7.282|
C<0>           |Y<0>           |    6.543|
C<1>           |Y<1>           |    6.270|
D<0>           |Y<0>           |    6.668|
D<1>           |Y<1>           |    6.409|
EN             |Y<0>           |    6.916|
EN             |Y<1>           |    6.413|
S<0>           |Y<0>           |    6.620|
S<0>           |Y<1>           |    7.070|
S<1>           |Y<0>           |    6.605|
S<1>           |Y<1>           |    6.290|
---------------+---------------+---------+


Analysis completed Tue Nov 24 10:32:46 2015 
--------------------------------------------------------------------------------

Trace Settings:
-------------------------
Trace Settings 

Peak Memory Usage: 161 MB



