Release 14.2 - xst P.28xd (nt)
Copyright (c) 1995-2012 Xilinx, Inc.  All rights reserved.
--> Parameter TMPDIR set to xst/projnav.tmp


Total REAL time to Xst completion: 0.00 secs
Total CPU time to Xst completion: 0.14 secs
 
--> Parameter xsthdpdir set to xst


Total REAL time to Xst completion: 0.00 secs
Total CPU time to Xst completion: 0.14 secs
 
--> Reading design: basichomework15.prj

TABLE OF CONTENTS
  1) Synthesis Options Summary
  2) HDL Parsing
  3) HDL Elaboration
  4) HDL Synthesis
       4.1) HDL Synthesis Report
  5) Advanced HDL Synthesis
       5.1) Advanced HDL Synthesis Report
  6) Low Level Synthesis
  7) Partition Report
  8) Design Summary
       8.1) Primitive and Black Box Usage
       8.2) Device utilization summary
       8.3) Partition Resource Summary
       8.4) Timing Report
            8.4.1) Clock Information
            8.4.2) Asynchronous Control Signals Information
            8.4.3) Timing Summary
            8.4.4) Timing Details
            8.4.5) Cross Clock Domains Report


=========================================================================
*                      Synthesis Options Summary                        *
=========================================================================
---- Source Parameters
Input File Name                    : "basichomework15.prj"
Ignore Synthesis Constraint File   : NO

---- Target Parameters
Output File Name                   : "basichomework15"
Output Format                      : NGC
Target Device                      : xc6slx16-3-csg324

---- Source Options
Top Module Name                    : basichomework15
Automatic FSM Extraction           : YES
FSM Encoding Algorithm             : Auto
Safe Implementation                : No
FSM Style                          : LUT
RAM Extraction                     : Yes
RAM Style                          : Auto
ROM Extraction                     : Yes
Shift Register Extraction          : YES
ROM Style                          : Auto
Resource Sharing                   : YES
Asynchronous To Synchronous        : NO
Shift Register Minimum Size        : 2
Use DSP Block                      : Auto
Automatic Register Balancing       : No

---- Target Options
LUT Combining                      : Auto
Reduce Control Sets                : Auto
Add IO Buffers                     : YES
Global Maximum Fanout              : 100000
Add Generic Clock Buffer(BUFG)     : 16
Register Duplication               : YES
Optimize Instantiated Primitives   : NO
Use Clock Enable                   : Auto
Use Synchronous Set                : Auto
Use Synchronous Reset              : Auto
Pack IO Registers into IOBs        : Auto
Equivalent register Removal        : YES

---- General Options
Optimization Goal                  : Speed
Optimization Effort                : 1
Power Reduction                    : NO
Keep Hierarchy                     : No
Netlist Hierarchy                  : As_Optimized
RTL Output                         : Yes
Global Optimization                : AllClockNets
Read Cores                         : YES
Write Timing Constraints           : NO
Cross Clock Analysis               : NO
Hierarchy Separator                : /
Bus Delimiter                      : <>
Case Specifier                     : Maintain
Slice Utilization Ratio            : 100
BRAM Utilization Ratio             : 100
DSP48 Utilization Ratio            : 100
Auto BRAM Packing                  : NO
Slice Utilization Ratio Delta      : 5

=========================================================================


=========================================================================
*                          HDL Parsing                                  *
=========================================================================
Analyzing Verilog file "E:\DigitalLogicHomework\BasicHomework15\BasicHomework15\basichomework15.v" into library work
Parsing module <basichomework15>.

=========================================================================
*                            HDL Elaboration                            *
=========================================================================

Elaborating module <basichomework15>.

=========================================================================
*                           HDL Synthesis                               *
=========================================================================

Synthesizing Unit <basichomework15>.
    Related source file is "E:\DigitalLogicHomework\BasicHomework15\BasicHomework15\basichomework15.v".
    Found 4-bit register for signal <QQ>.
    Found 1-bit tristate buffer for signal <Q<3>> created at line 55
    Found 1-bit tristate buffer for signal <Q<2>> created at line 55
    Found 1-bit tristate buffer for signal <Q<1>> created at line 55
    Found 1-bit tristate buffer for signal <Q<0>> created at line 55
    Summary:
	inferred   4 D-type flip-flop(s).
	inferred   2 Multiplexer(s).
	inferred   4 Tristate(s).
Unit <basichomework15> synthesized.

=========================================================================
HDL Synthesis Report

Macro Statistics
# Registers                                            : 1
 4-bit register                                        : 1
# Multiplexers                                         : 2
 4-bit 2-to-1 multiplexer                              : 2
# Tristates                                            : 4
 1-bit tristate buffer                                 : 4

=========================================================================

=========================================================================
*                       Advanced HDL Synthesis                          *
=========================================================================


=========================================================================
Advanced HDL Synthesis Report

Macro Statistics
# Registers                                            : 4
 Flip-Flops                                            : 4
# Multiplexers                                         : 2
 4-bit 2-to-1 multiplexer                              : 2

=========================================================================

=========================================================================
*                         Low Level Synthesis                           *
=========================================================================

Optimizing unit <basichomework15> ...

Mapping all equations...
Building and optimizing final netlist ...
Found area constraint ratio of 100 (+ 5) on block basichomework15, actual ratio is 0.

Final Macro Processing ...

=========================================================================
Final Register Report

Macro Statistics
# Registers                                            : 4
 Flip-Flops                                            : 4

=========================================================================

=========================================================================
*                           Partition Report                            *
=========================================================================

Partition Implementation Status
-------------------------------

  No Partitions were found in this design.

-------------------------------

=========================================================================
*                            Design Summary                             *
=========================================================================

Top Level Output File Name         : basichomework15.ngc

Primitive and Black Box Usage:
------------------------------
# BELS                             : 5
#      LUT2                        : 1
#      LUT5                        : 4
# FlipFlops/Latches                : 4
#      FDE                         : 4
# Clock Buffers                    : 1
#      BUFGP                       : 1
# IO Buffers                       : 15
#      IBUF                        : 7
#      OBUF                        : 4
#      OBUFT                       : 4

Device utilization summary:
---------------------------

Selected Device : 6slx16csg324-3 


Slice Logic Utilization: 
 Number of Slice Registers:               4  out of  18224     0%  
 Number of Slice LUTs:                    5  out of   9112     0%  
    Number used as Logic:                 5  out of   9112     0%  

Slice Logic Distribution: 
 Number of LUT Flip Flop pairs used:      9
   Number with an unused Flip Flop:       5  out of      9    55%  
   Number with an unused LUT:             4  out of      9    44%  
   Number of fully used LUT-FF pairs:     0  out of      9     0%  
   Number of unique control sets:         1

IO Utilization: 
 Number of IOs:                          16
 Number of bonded IOBs:                  16  out of    232     6%  

Specific Feature Utilization:
 Number of BUFG/BUFGCTRLs:                1  out of     16     6%  

---------------------------
Partition Resource Summary:
---------------------------

  No Partitions were found in this design.

---------------------------


=========================================================================
Timing Report

NOTE: THESE TIMING NUMBERS ARE ONLY A SYNTHESIS ESTIMATE.
      FOR ACCURATE TIMING INFORMATION PLEASE REFER TO THE TRACE REPORT
      GENERATED AFTER PLACE-and-ROUTE.

Clock Information:
------------------
-----------------------------------+------------------------+-------+
Clock Signal                       | Clock buffer(FF name)  | Load  |
-----------------------------------+------------------------+-------+
CLK                                | BUFGP                  | 4     |
-----------------------------------+------------------------+-------+

Asynchronous Control Signals Information:
----------------------------------------
No asynchronous control signals found in this design

Timing Summary:
---------------
Speed Grade: -3

   Minimum period: 1.540ns (Maximum Frequency: 649.540MHz)
   Minimum input arrival time before clock: 3.249ns
   Maximum output required time after clock: 3.701ns
   Maximum combinational path delay: 4.476ns

Timing Details:
---------------
All values displayed in nanoseconds (ns)

=========================================================================
Timing constraint: Default period analysis for Clock 'CLK'
  Clock period: 1.540ns (frequency: 649.540MHz)
  Total number of paths / destination ports: 8 / 4
-------------------------------------------------------------------------
Delay:               1.540ns (Levels of Logic = 1)
  Source:            QQ_1 (FF)
  Destination:       QQ_0 (FF)
  Source Clock:      CLK rising
  Destination Clock: CLK rising

  Data Path: QQ_1 to QQ_0
                                Gate     Net
    Cell:in->out      fanout   Delay   Delay  Logical Name (Net Name)
    ----------------------------------------  ------------
     FDE:C->Q              4   0.447   0.788  QQ_1 (QQ_1)
     LUT5:I3->O            1   0.203   0.000  Mmux_S[1]_D[3]_wide_mux_1_OUT11 (S[1]_D[3]_wide_mux_1_OUT<0>)
     FDE:D                     0.102          QQ_0
    ----------------------------------------
    Total                      1.540ns (0.752ns logic, 0.788ns route)
                                       (48.8% logic, 51.2% route)

=========================================================================
Timing constraint: Default OFFSET IN BEFORE for Clock 'CLK'
  Total number of paths / destination ports: 20 / 8
-------------------------------------------------------------------------
Offset:              3.249ns (Levels of Logic = 2)
  Source:            S<1> (PAD)
  Destination:       QQ_0 (FF)
  Destination Clock: CLK rising

  Data Path: S<1> to QQ_0
                                Gate     Net
    Cell:in->out      fanout   Delay   Delay  Logical Name (Net Name)
    ----------------------------------------  ------------
     IBUF:I->O             5   1.222   0.819  S_1_IBUF (S_1_IBUF)
     LUT2:I0->O            4   0.203   0.683  _n0020_inv1 (_n0020_inv)
     FDE:CE                    0.322          QQ_0
    ----------------------------------------
    Total                      3.249ns (1.747ns logic, 1.502ns route)
                                       (53.8% logic, 46.2% route)

=========================================================================
Timing constraint: Default OFFSET OUT AFTER for Clock 'CLK'
  Total number of paths / destination ports: 8 / 8
-------------------------------------------------------------------------
Offset:              3.701ns (Levels of Logic = 1)
  Source:            QQ_3 (FF)
  Destination:       Q<3> (PAD)
  Source Clock:      CLK rising

  Data Path: QQ_3 to Q<3>
                                Gate     Net
    Cell:in->out      fanout   Delay   Delay  Logical Name (Net Name)
    ----------------------------------------  ------------
     FDE:C->Q              4   0.447   0.683  QQ_3 (QQ_3)
     OBUFT:I->O                2.571          Q_3_OBUFT (Q<3>)
    ----------------------------------------
    Total                      3.701ns (3.018ns logic, 0.683ns route)
                                       (81.6% logic, 18.4% route)

=========================================================================
Timing constraint: Default path analysis
  Total number of paths / destination ports: 4 / 4
-------------------------------------------------------------------------
Delay:               4.476ns (Levels of Logic = 2)
  Source:            OE (PAD)
  Destination:       Q<3> (PAD)

  Data Path: OE to Q<3>
                                Gate     Net
    Cell:in->out      fanout   Delay   Delay  Logical Name (Net Name)
    ----------------------------------------  ------------
     IBUF:I->O             4   1.222   0.683  OE_IBUF (OE_IBUF)
     OBUFT:T->O                2.571          Q_3_OBUFT (Q<3>)
    ----------------------------------------
    Total                      4.476ns (3.793ns logic, 0.683ns route)
                                       (84.7% logic, 15.3% route)

=========================================================================

Cross Clock Domains Report:
--------------------------

Clock to Setup on destination clock CLK
---------------+---------+---------+---------+---------+
               | Src:Rise| Src:Fall| Src:Rise| Src:Fall|
Source Clock   |Dest:Rise|Dest:Rise|Dest:Fall|Dest:Fall|
---------------+---------+---------+---------+---------+
CLK            |    1.540|         |         |         |
---------------+---------+---------+---------+---------+

=========================================================================


Total REAL time to Xst completion: 4.00 secs
Total CPU time to Xst completion: 3.98 secs
 
--> 

Total memory usage is 181632 kilobytes

Number of errors   :    0 (   0 filtered)
Number of warnings :    0 (   0 filtered)
Number of infos    :    0 (   0 filtered)

