--------------------------------------------------------------------------------
Release 14.2 Trace  (nt)
Copyright (c) 1995-2012 Xilinx, Inc.  All rights reserved.

D:\Xilinx\14.2\ISE_DS\ISE\bin\nt\unwrapped\trce.exe -intstyle ise -v 3 -s 3 -n
3 -fastpaths -xml basichomework15.twx basichomework15.ncd -o
basichomework15.twr basichomework15.pcf -ucf basichomework15.ucf

Design file:              basichomework15.ncd
Physical constraint file: basichomework15.pcf
Device,package,speed:     xc6slx16,csg324,C,-3 (PRODUCTION 1.22 2012-07-09)
Report level:             verbose report

Environment Variable      Effect 
--------------------      ------ 
NONE                      No environment variables were set
--------------------------------------------------------------------------------

INFO:Timing:2698 - No timing constraints found, doing default enumeration.
INFO:Timing:3412 - To improve timing, see the Timing Closure User Guide (UG612).
INFO:Timing:2752 - To get complete path coverage, use the unconstrained paths 
   option. All paths that are not constrained will be reported in the 
   unconstrained paths section(s) of the report.
INFO:Timing:3339 - The clock-to-out numbers in this timing report are based on 
   a 50 Ohm transmission line loading model.  For the details of this model, 
   and for more information on accounting for different loading conditions, 
   please see the device datasheet.



Data Sheet report:
-----------------
All values displayed in nanoseconds (ns)

Setup/Hold to clock CLK
------------+------------+------------+------------+------------+------------------+--------+
            |Max Setup to|  Process   |Max Hold to |  Process   |                  | Clock  |
Source      | clk (edge) |   Corner   | clk (edge) |   Corner   |Internal Clock(s) | Phase  |
------------+------------+------------+------------+------------+------------------+--------+
D<0>        |    0.903(R)|      FAST  |   -0.258(R)|      SLOW  |CLK_BUFGP         |   0.000|
D<1>        |    0.560(R)|      FAST  |    0.191(R)|      SLOW  |CLK_BUFGP         |   0.000|
D<2>        |    0.698(R)|      FAST  |    0.038(R)|      SLOW  |CLK_BUFGP         |   0.000|
D<3>        |    1.040(R)|      FAST  |   -0.302(R)|      SLOW  |CLK_BUFGP         |   0.000|
S<0>        |    1.473(R)|      FAST  |    0.178(R)|      SLOW  |CLK_BUFGP         |   0.000|
S<1>        |    1.485(R)|      SLOW  |   -0.408(R)|      SLOW  |CLK_BUFGP         |   0.000|
------------+------------+------------+------------+------------+------------------+--------+

Clock CLK to Pad
------------+-----------------+------------+-----------------+------------+------------------+--------+
            |Max (slowest) clk|  Process   |Min (fastest) clk|  Process   |                  | Clock  |
Destination |  (edge) to PAD  |   Corner   |  (edge) to PAD  |   Corner   |Internal Clock(s) | Phase  |
------------+-----------------+------------+-----------------+------------+------------------+--------+
Q<0>        |         7.573(R)|      SLOW  |         3.966(R)|      FAST  |CLK_BUFGP         |   0.000|
Q<1>        |         7.323(R)|      SLOW  |         3.845(R)|      FAST  |CLK_BUFGP         |   0.000|
Q<2>        |         7.518(R)|      SLOW  |         3.981(R)|      FAST  |CLK_BUFGP         |   0.000|
Q<3>        |         7.422(R)|      SLOW  |         3.933(R)|      FAST  |CLK_BUFGP         |   0.000|
QQ<0>       |         7.227(R)|      SLOW  |         3.763(R)|      FAST  |CLK_BUFGP         |   0.000|
QQ<1>       |         7.139(R)|      SLOW  |         3.725(R)|      FAST  |CLK_BUFGP         |   0.000|
QQ<2>       |         7.165(R)|      SLOW  |         3.745(R)|      FAST  |CLK_BUFGP         |   0.000|
QQ<3>       |         7.384(R)|      SLOW  |         3.901(R)|      FAST  |CLK_BUFGP         |   0.000|
------------+-----------------+------------+-----------------+------------+------------------+--------+

Clock to Setup on destination clock CLK
---------------+---------+---------+---------+---------+
               | Src:Rise| Src:Fall| Src:Rise| Src:Fall|
Source Clock   |Dest:Rise|Dest:Rise|Dest:Fall|Dest:Fall|
---------------+---------+---------+---------+---------+
CLK            |    1.473|         |         |         |
---------------+---------+---------+---------+---------+

Pad to Pad
---------------+---------------+---------+
Source Pad     |Destination Pad|  Delay  |
---------------+---------------+---------+
OE             |Q<0>           |    5.596|
OE             |Q<1>           |    5.596|
OE             |Q<2>           |    5.813|
OE             |Q<3>           |    5.813|
---------------+---------------+---------+


Analysis completed Tue Dec 08 11:23:41 2015 
--------------------------------------------------------------------------------

Trace Settings:
-------------------------
Trace Settings 

Peak Memory Usage: 162 MB



