Running: D:\Xilinx\14.2\ISE_DS\ISE\bin\nt\unwrapped\fuse.exe -intstyle ise -incremental -lib unisims_ver -lib unimacro_ver -lib xilinxcorelib_ver -lib secureip -o E:/DigitalLogicHomework/BasicHomework15/BasicHomework15/basichomework15test_isim_beh.exe -prj E:/DigitalLogicHomework/BasicHomework15/BasicHomework15/basichomework15test_beh.prj work.basichomework15test work.glbl 
ISim P.28xd (signature 0x1048c146)
Number of CPUs detected in this system: 8
Turning on mult-threading, number of parallel sub-compilation jobs: 16 
Determining compilation order of HDL files
Analyzing Verilog file "E:/DigitalLogicHomework/BasicHomework15/BasicHomework15/basichomework15.v" into library work
Analyzing Verilog file "E:/DigitalLogicHomework/BasicHomework15/BasicHomework15/basichomework15test.v" into library work
Analyzing Verilog file "D:/Xilinx/14.2/ISE_DS/ISE//verilog/src/glbl.v" into library work
Starting static elaboration
Completed static elaboration
Fuse Memory Usage: 94480 KB
Fuse CPU Usage: 390 ms
Compiling module basichomework15
Compiling module basichomework15test
Compiling module glbl
Time Resolution for simulation is 1ps.
Compiled 3 Verilog Units
Built simulation executable E:/DigitalLogicHomework/BasicHomework15/BasicHomework15/basichomework15test_isim_beh.exe
Fuse Memory Usage: 102000 KB
Fuse CPU Usage: 453 ms
