--------------------------------------------------------------------------------
Release 14.2 Trace  (nt)
Copyright (c) 1995-2012 Xilinx, Inc.  All rights reserved.

D:\Xilinx\14.2\ISE_DS\ISE\bin\nt\unwrapped\trce.exe -intstyle ise -v 3 -s 3 -n
3 -fastpaths -xml basichomework5.twx basichomework5.ncd -o basichomework5.twr
basichomework5.pcf -ucf basichomework5.ucf

Design file:              basichomework5.ncd
Physical constraint file: basichomework5.pcf
Device,package,speed:     xc6slx16,csg324,C,-3 (PRODUCTION 1.22 2012-07-09)
Report level:             verbose report

Environment Variable      Effect 
--------------------      ------ 
NONE                      No environment variables were set
--------------------------------------------------------------------------------

INFO:Timing:2698 - No timing constraints found, doing default enumeration.
INFO:Timing:3412 - To improve timing, see the Timing Closure User Guide (UG612).
INFO:Timing:2752 - To get complete path coverage, use the unconstrained paths 
   option. All paths that are not constrained will be reported in the 
   unconstrained paths section(s) of the report.
INFO:Timing:3339 - The clock-to-out numbers in this timing report are based on 
   a 50 Ohm transmission line loading model.  For the details of this model, 
   and for more information on accounting for different loading conditions, 
   please see the device datasheet.



Data Sheet report:
-----------------
All values displayed in nanoseconds (ns)

Pad to Pad
---------------+---------------+---------+
Source Pad     |Destination Pad|  Delay  |
---------------+---------------+---------+
A<0>           |Y<0>           |    8.565|
A<0>           |Y<1>           |    9.088|
A<0>           |Y<2>           |    8.562|
A<1>           |Y<0>           |    7.918|
A<1>           |Y<1>           |    8.441|
A<1>           |Y<2>           |    7.915|
A<2>           |Y<0>           |    7.511|
A<2>           |Y<1>           |    7.579|
A<2>           |Y<2>           |    7.892|
A<3>           |Y<0>           |    7.174|
A<3>           |Y<1>           |    7.157|
A<3>           |Y<2>           |    7.436|
B<0>           |Y<0>           |    8.658|
B<0>           |Y<1>           |    9.181|
B<0>           |Y<2>           |    8.655|
B<1>           |Y<0>           |    8.112|
B<1>           |Y<1>           |    8.635|
B<1>           |Y<2>           |    8.109|
B<2>           |Y<0>           |    7.309|
B<2>           |Y<1>           |    7.762|
B<2>           |Y<2>           |    7.756|
B<3>           |Y<0>           |    7.809|
B<3>           |Y<1>           |    7.918|
B<3>           |Y<2>           |    7.794|
---------------+---------------+---------+


Analysis completed Tue Nov 24 11:18:56 2015 
--------------------------------------------------------------------------------

Trace Settings:
-------------------------
Trace Settings 

Peak Memory Usage: 161 MB



