#-----------------------------------------------------------
# PlanAhead v14.2 (64-bit)
# Build 194362 by xbuild on Fri Jul 20 18:52:11 MDT 2012
# Start of session at: Tue Nov 24 06:28:03 2015
# Process ID: 4724
# Log file: E:/DigitalLogicHomework/BasicHomework4/BasicHomework4/planAhead_run_1/planAhead.log
# Journal file: E:/DigitalLogicHomework/BasicHomework4/BasicHomework4/planAhead_run_1/planAhead.jou
#-----------------------------------------------------------
INFO: [Common 17-78] Attempting to get a license: PlanAhead
INFO: [Common 17-290] Got license for PlanAhead
INFO: [Device 21-36] Loading parts and site information from D:/Xilinx/14.2/ISE_DS/PlanAhead/data/parts/arch.xml
Parsing RTL primitives file [D:/Xilinx/14.2/ISE_DS/PlanAhead/data/parts/xilinx/rtl/prims/rtl_prims.xml]
Finished parsing RTL primitives file [D:/Xilinx/14.2/ISE_DS/PlanAhead/data/parts/xilinx/rtl/prims/rtl_prims.xml]
start_gui
source E:/DigitalLogicHomework/BasicHomework4/BasicHomework4/pa.fromHdl.tcl
# create_project -name BasicHomework4 -dir "E:/DigitalLogicHomework/BasicHomework4/BasicHomework4/planAhead_run_1" -part xc6slx16csg324-3
Parsing template File [D:/Xilinx/14.2/ISE_DS/ISE/data/projnav/templates/verilog.xml].
Finished parsing template File [D:/Xilinx/14.2/ISE_DS/ISE/data/projnav/templates/verilog.xml].
Parsing template File [D:/Xilinx/14.2/ISE_DS/ISE/data/projnav/templates/vhdl.xml].
Finished parsing template File [D:/Xilinx/14.2/ISE_DS/ISE/data/projnav/templates/vhdl.xml].
Parsing template File [D:/Xilinx/14.2/ISE_DS/ISE/data/projnav/templates/ucf.xml].
Finished parsing template File [D:/Xilinx/14.2/ISE_DS/ISE/data/projnav/templates/ucf.xml].
# set_param project.pinAheadLayout yes
# set srcset [get_property srcset [current_run -impl]]
# set_property target_constrs_file "basichomework4.ucf" [current_fileset -constrset]
Adding file 'E:/DigitalLogicHomework/BasicHomework4/BasicHomework4/basichomework4.ucf' to fileset 'constrs_1'
# set hdlfile [add_files [list {basichomework4.v}]]
# set_property file_type Verilog $hdlfile
# set_property library work $hdlfile
# set_property top basichomework4 $srcset
# add_files [list {basichomework4.ucf}] -fileset [get_property constrset [current_run]]
# open_rtl_design -part xc6slx16csg324-3
Using Verific elaboration
Parsing VHDL file "D:/Xilinx/14.2/ISE_DS/PlanAhead/data/parts/xilinx/rtl/lib/synplify/synattr.vhd" into library synplify
Analyzing Verilog file "E:/DigitalLogicHomework/BasicHomework4/BasicHomework4/basichomework4.v" into library work
Loading clock regions from D:/Xilinx/14.2/ISE_DS/PlanAhead/data\parts/xilinx/spartan6/spartan6lx/xc6slx16/ClockRegion.xml
Loading clock buffers from D:/Xilinx/14.2/ISE_DS/PlanAhead/data\parts/xilinx/spartan6/spartan6lx/xc6slx16/ClockBuffers.xml
Loading package pin functions from D:/Xilinx/14.2/ISE_DS/PlanAhead/data\parts/xilinx/spartan6/PinFunctions.xml...
Loading package from D:/Xilinx/14.2/ISE_DS/PlanAhead/data\parts/xilinx/spartan6/spartan6lx/xc6slx16/csg324/Package.xml
Loading io standards from D:/Xilinx/14.2/ISE_DS/PlanAhead/data\./parts/xilinx/spartan6/IOStandards.xml
Loading device configuration modes from D:/Xilinx/14.2/ISE_DS/PlanAhead/data\parts/xilinx/spartan6/ConfigModes.xml
Loading list of drcs for the architecture : D:/Xilinx/14.2/ISE_DS/PlanAhead/data\./parts/xilinx/spartan6/drc.xml
Parsing UCF File [E:/DigitalLogicHomework/BasicHomework4/BasicHomework4/basichomework4.ucf]
Finished Parsing UCF File [E:/DigitalLogicHomework/BasicHomework4/BasicHomework4/basichomework4.ucf]
INFO: [Project 1-111] Unisim Transformation Summary:
No Unisim elements were transformed.

Phase 0 | Netlist Checksum: a8b7a0fb
open_rtl_design: Time (s): elapsed = 00:00:06 . Memory (MB): peak = 583.781 ; gain = 142.742
startgroup
set_property package_pin T5 [get_ports {IN[0]}]
endgroup
startgroup
set_property package_pin V8 [get_ports {IN[1]}]
endgroup
startgroup
set_property package_pin U8 [get_ports {IN[2]}]
endgroup
startgroup
set_property package_pin N8 [get_ports {IN[3]}]
endgroup
startgroup
set_property package_pin M8 [get_ports {IN[4]}]
endgroup
startgroup
set_property package_pin V9 [get_ports {IN[5]}]
endgroup
startgroup
set_property package_pin T9 [get_ports {IN[6]}]
endgroup
startgroup
set_property package_pin T10 [get_ports {IN[7]}]
endgroup
startgroup
set_property package_pin C4 [get_ports EN]
endgroup
set_property package_pin "" [get_ports [list  Done]]
startgroup
set_property package_pin U15 [get_ports {Y[0]}]
endgroup
startgroup
set_property package_pin V16 [get_ports {Y[1]}]
endgroup
startgroup
set_property package_pin U16 [get_ports {Y[2]}]
endgroup
startgroup
set_property package_pin V15 [get_ports Done]
endgroup
save_design
exit
INFO: [Common 17-206] Exiting PlanAhead...
INFO: [Common 17-83] Releasing license: PlanAhead
