--------------------------------------------------------------------------------
Release 14.2 Trace  (nt)
Copyright (c) 1995-2012 Xilinx, Inc.  All rights reserved.

D:\Xilinx\14.2\ISE_DS\ISE\bin\nt\unwrapped\trce.exe -intstyle ise -v 3 -s 3 -n
3 -fastpaths -xml basichomework6.twx basichomework6.ncd -o basichomework6.twr
basichomework6.pcf -ucf basichomework6.ucf

Design file:              basichomework6.ncd
Physical constraint file: basichomework6.pcf
Device,package,speed:     xc6slx16,csg324,C,-3 (PRODUCTION 1.22 2012-07-09)
Report level:             verbose report

Environment Variable      Effect 
--------------------      ------ 
NONE                      No environment variables were set
--------------------------------------------------------------------------------

INFO:Timing:2698 - No timing constraints found, doing default enumeration.
INFO:Timing:3412 - To improve timing, see the Timing Closure User Guide (UG612).
INFO:Timing:2752 - To get complete path coverage, use the unconstrained paths 
   option. All paths that are not constrained will be reported in the 
   unconstrained paths section(s) of the report.
INFO:Timing:3339 - The clock-to-out numbers in this timing report are based on 
   a 50 Ohm transmission line loading model.  For the details of this model, 
   and for more information on accounting for different loading conditions, 
   please see the device datasheet.



Data Sheet report:
-----------------
All values displayed in nanoseconds (ns)

Pad to Pad
---------------+---------------+---------+
Source Pad     |Destination Pad|  Delay  |
---------------+---------------+---------+
A<0>           |C4             |    7.978|
A<0>           |F<0>           |    7.418|
A<0>           |F<1>           |    7.798|
A<0>           |F<2>           |    7.725|
A<0>           |F<3>           |    8.623|
A<1>           |C4             |    7.602|
A<1>           |F<1>           |    7.422|
A<1>           |F<2>           |    7.276|
A<1>           |F<3>           |    8.247|
A<2>           |C4             |    6.816|
A<2>           |F<2>           |    7.734|
A<2>           |F<3>           |    7.461|
A<3>           |C4             |    6.718|
A<3>           |F<3>           |    7.363|
B<0>           |C4             |    7.922|
B<0>           |F<0>           |    8.309|
B<0>           |F<1>           |    7.742|
B<0>           |F<2>           |    7.678|
B<0>           |F<3>           |    8.567|
B<1>           |C4             |    7.527|
B<1>           |F<1>           |    7.347|
B<1>           |F<2>           |    7.740|
B<1>           |F<3>           |    8.172|
B<2>           |C4             |    7.114|
B<2>           |F<2>           |    8.166|
B<2>           |F<3>           |    7.759|
B<3>           |C4             |    7.047|
B<3>           |F<3>           |    7.692|
C0             |C4             |   11.383|
C0             |F<0>           |   11.425|
C0             |F<1>           |   11.203|
C0             |F<2>           |   11.479|
C0             |F<3>           |   12.028|
---------------+---------------+---------+


Analysis completed Tue Nov 24 11:09:51 2015 
--------------------------------------------------------------------------------

Trace Settings:
-------------------------
Trace Settings 

Peak Memory Usage: 162 MB



