Release 14.2 - xst P.28xd (nt)
Copyright (c) 1995-2012 Xilinx, Inc.  All rights reserved.
--> Parameter TMPDIR set to xst/projnav.tmp


Total REAL time to Xst completion: 0.00 secs
Total CPU time to Xst completion: 0.17 secs
 
--> Parameter xsthdpdir set to xst


Total REAL time to Xst completion: 0.00 secs
Total CPU time to Xst completion: 0.17 secs
 
--> Reading design: basichomework13.prj

TABLE OF CONTENTS
  1) Synthesis Options Summary
  2) HDL Parsing
  3) HDL Elaboration
  4) HDL Synthesis
       4.1) HDL Synthesis Report
  5) Advanced HDL Synthesis
       5.1) Advanced HDL Synthesis Report
  6) Low Level Synthesis
  7) Partition Report
  8) Design Summary
       8.1) Primitive and Black Box Usage
       8.2) Device utilization summary
       8.3) Partition Resource Summary
       8.4) Timing Report
            8.4.1) Clock Information
            8.4.2) Asynchronous Control Signals Information
            8.4.3) Timing Summary
            8.4.4) Timing Details
            8.4.5) Cross Clock Domains Report


=========================================================================
*                      Synthesis Options Summary                        *
=========================================================================
---- Source Parameters
Input File Name                    : "basichomework13.prj"
Ignore Synthesis Constraint File   : NO

---- Target Parameters
Output File Name                   : "basichomework13"
Output Format                      : NGC
Target Device                      : xc6slx16-3-csg324

---- Source Options
Top Module Name                    : basichomework13
Automatic FSM Extraction           : YES
FSM Encoding Algorithm             : Auto
Safe Implementation                : No
FSM Style                          : LUT
RAM Extraction                     : Yes
RAM Style                          : Auto
ROM Extraction                     : Yes
Shift Register Extraction          : YES
ROM Style                          : Auto
Resource Sharing                   : YES
Asynchronous To Synchronous        : NO
Shift Register Minimum Size        : 2
Use DSP Block                      : Auto
Automatic Register Balancing       : No

---- Target Options
LUT Combining                      : Auto
Reduce Control Sets                : Auto
Add IO Buffers                     : YES
Global Maximum Fanout              : 100000
Add Generic Clock Buffer(BUFG)     : 16
Register Duplication               : YES
Optimize Instantiated Primitives   : NO
Use Clock Enable                   : Auto
Use Synchronous Set                : Auto
Use Synchronous Reset              : Auto
Pack IO Registers into IOBs        : Auto
Equivalent register Removal        : YES

---- General Options
Optimization Goal                  : Speed
Optimization Effort                : 1
Power Reduction                    : NO
Keep Hierarchy                     : No
Netlist Hierarchy                  : As_Optimized
RTL Output                         : Yes
Global Optimization                : AllClockNets
Read Cores                         : YES
Write Timing Constraints           : NO
Cross Clock Analysis               : NO
Hierarchy Separator                : /
Bus Delimiter                      : <>
Case Specifier                     : Maintain
Slice Utilization Ratio            : 100
BRAM Utilization Ratio             : 100
DSP48 Utilization Ratio            : 100
Auto BRAM Packing                  : NO
Slice Utilization Ratio Delta      : 5

=========================================================================


=========================================================================
*                          HDL Parsing                                  *
=========================================================================
Analyzing Verilog file "E:\DigitalLogicHomework\BasicHomework13\BasicHomework13\basichomework13.v" into library work
Parsing module <basichomework13>.

=========================================================================
*                            HDL Elaboration                            *
=========================================================================

Elaborating module <basichomework13>.
WARNING:HDLCompiler:413 - "E:\DigitalLogicHomework\BasicHomework13\BasicHomework13\basichomework13.v" Line 52: Result of 5-bit expression is truncated to fit in 4-bit target.
WARNING:HDLCompiler:413 - "E:\DigitalLogicHomework\BasicHomework13\BasicHomework13\basichomework13.v" Line 64: Result of 32-bit expression is truncated to fit in 4-bit target.

=========================================================================
*                           HDL Synthesis                               *
=========================================================================

Synthesizing Unit <basichomework13>.
    Related source file is "E:\DigitalLogicHomework\BasicHomework13\BasicHomework13\basichomework13.v".
    Found 1-bit register for signal <CO>.
    Found 4-bit register for signal <QN>.
    Found 4-bit adder for signal <QN[3]_GND_1_o_add_5_OUT> created at line 52.
    Found 4-bit subtractor for signal <GND_1_o_GND_1_o_sub_11_OUT<3:0>> created at line 64.
    Summary:
	inferred   1 Adder/Subtractor(s).
	inferred   5 D-type flip-flop(s).
	inferred   9 Multiplexer(s).
Unit <basichomework13> synthesized.

=========================================================================
HDL Synthesis Report

Macro Statistics
# Adders/Subtractors                                   : 1
 4-bit addsub                                          : 1
# Registers                                            : 2
 1-bit register                                        : 1
 4-bit register                                        : 1
# Multiplexers                                         : 9
 1-bit 2-to-1 multiplexer                              : 2
 4-bit 2-to-1 multiplexer                              : 7

=========================================================================
INFO:Xst:1767 - HDL ADVISOR - Resource sharing has identified that some arithmetic operations in this design can share the same physical resources for reduced device utilization. For improved clock frequency you may try to disable resource sharing.

=========================================================================
*                       Advanced HDL Synthesis                          *
=========================================================================


=========================================================================
Advanced HDL Synthesis Report

Macro Statistics
# Adders/Subtractors                                   : 1
 4-bit addsub                                          : 1
# Registers                                            : 5
 Flip-Flops                                            : 5
# Multiplexers                                         : 9
 1-bit 2-to-1 multiplexer                              : 2
 4-bit 2-to-1 multiplexer                              : 7

=========================================================================

=========================================================================
*                         Low Level Synthesis                           *
=========================================================================

Optimizing unit <basichomework13> ...

Mapping all equations...
Building and optimizing final netlist ...
Found area constraint ratio of 100 (+ 5) on block basichomework13, actual ratio is 0.

Final Macro Processing ...

=========================================================================
Final Register Report

Macro Statistics
# Registers                                            : 5
 Flip-Flops                                            : 5

=========================================================================

=========================================================================
*                           Partition Report                            *
=========================================================================

Partition Implementation Status
-------------------------------

  No Partitions were found in this design.

-------------------------------

=========================================================================
*                            Design Summary                             *
=========================================================================

Top Level Output File Name         : basichomework13.ngc

Primitive and Black Box Usage:
------------------------------
# BELS                             : 8
#      LUT2                        : 2
#      LUT3                        : 1
#      LUT4                        : 1
#      LUT5                        : 1
#      LUT6                        : 3
# FlipFlops/Latches                : 5
#      FDCE                        : 5
# Clock Buffers                    : 1
#      BUFGP                       : 1
# IO Buffers                       : 13
#      IBUF                        : 8
#      OBUF                        : 5

Device utilization summary:
---------------------------

Selected Device : 6slx16csg324-3 


Slice Logic Utilization: 
 Number of Slice Registers:               5  out of  18224     0%  
 Number of Slice LUTs:                    8  out of   9112     0%  
    Number used as Logic:                 8  out of   9112     0%  

Slice Logic Distribution: 
 Number of LUT Flip Flop pairs used:     13
   Number with an unused Flip Flop:       8  out of     13    61%  
   Number with an unused LUT:             5  out of     13    38%  
   Number of fully used LUT-FF pairs:     0  out of     13     0%  
   Number of unique control sets:         1

IO Utilization: 
 Number of IOs:                          14
 Number of bonded IOBs:                  14  out of    232     6%  

Specific Feature Utilization:
 Number of BUFG/BUFGCTRLs:                1  out of     16     6%  

---------------------------
Partition Resource Summary:
---------------------------

  No Partitions were found in this design.

---------------------------


=========================================================================
Timing Report

NOTE: THESE TIMING NUMBERS ARE ONLY A SYNTHESIS ESTIMATE.
      FOR ACCURATE TIMING INFORMATION PLEASE REFER TO THE TRACE REPORT
      GENERATED AFTER PLACE-and-ROUTE.

Clock Information:
------------------
-----------------------------------+------------------------+-------+
Clock Signal                       | Clock buffer(FF name)  | Load  |
-----------------------------------+------------------------+-------+
CLK                                | BUFGP                  | 5     |
-----------------------------------+------------------------+-------+

Asynchronous Control Signals Information:
----------------------------------------
No asynchronous control signals found in this design

Timing Summary:
---------------
Speed Grade: -3

   Minimum period: 2.450ns (Maximum Frequency: 408.097MHz)
   Minimum input arrival time before clock: 3.339ns
   Maximum output required time after clock: 3.762ns
   Maximum combinational path delay: No path found

Timing Details:
---------------
All values displayed in nanoseconds (ns)

=========================================================================
Timing constraint: Default period analysis for Clock 'CLK'
  Clock period: 2.450ns (frequency: 408.097MHz)
  Total number of paths / destination ports: 14 / 5
-------------------------------------------------------------------------
Delay:               2.450ns (Levels of Logic = 2)
  Source:            QN_2 (FF)
  Destination:       QN_3 (FF)
  Source Clock:      CLK rising
  Destination Clock: CLK rising

  Data Path: QN_2 to QN_3
                                Gate     Net
    Cell:in->out      fanout   Delay   Delay  Logical Name (Net Name)
    ----------------------------------------  ------------
     FDCE:C->Q             4   0.447   0.912  QN_2 (QN_2)
     LUT5:I2->O            1   0.205   0.580  QN[3]_D[3]_mux_14_OUT<3>_SW0 (N01)
     LUT4:I3->O            1   0.205   0.000  QN[3]_D[3]_mux_14_OUT<3> (QN[3]_D[3]_mux_14_OUT<3>)
     FDCE:D                    0.102          QN_3
    ----------------------------------------
    Total                      2.450ns (0.959ns logic, 1.491ns route)
                                       (39.1% logic, 60.9% route)

=========================================================================
Timing constraint: Default OFFSET IN BEFORE for Clock 'CLK'
  Total number of paths / destination ports: 32 / 15
-------------------------------------------------------------------------
Offset:              3.339ns (Levels of Logic = 3)
  Source:            EN (PAD)
  Destination:       QN_3 (FF)
  Destination Clock: CLK rising

  Data Path: EN to QN_3
                                Gate     Net
    Cell:in->out      fanout   Delay   Delay  Logical Name (Net Name)
    ----------------------------------------  ------------
     IBUF:I->O             4   1.222   1.028  EN_IBUF (EN_IBUF)
     LUT5:I0->O            1   0.203   0.580  QN[3]_D[3]_mux_14_OUT<3>_SW0 (N01)
     LUT4:I3->O            1   0.205   0.000  QN[3]_D[3]_mux_14_OUT<3> (QN[3]_D[3]_mux_14_OUT<3>)
     FDCE:D                    0.102          QN_3
    ----------------------------------------
    Total                      3.339ns (1.732ns logic, 1.607ns route)
                                       (51.9% logic, 48.1% route)

=========================================================================
Timing constraint: Default OFFSET OUT AFTER for Clock 'CLK'
  Total number of paths / destination ports: 5 / 5
-------------------------------------------------------------------------
Offset:              3.762ns (Levels of Logic = 1)
  Source:            QN_0 (FF)
  Destination:       QN<0> (PAD)
  Source Clock:      CLK rising

  Data Path: QN_0 to QN<0>
                                Gate     Net
    Cell:in->out      fanout   Delay   Delay  Logical Name (Net Name)
    ----------------------------------------  ------------
     FDCE:C->Q             6   0.447   0.744  QN_0 (QN_0)
     OBUF:I->O                 2.571          QN_0_OBUF (QN<0>)
    ----------------------------------------
    Total                      3.762ns (3.018ns logic, 0.744ns route)
                                       (80.2% logic, 19.8% route)

=========================================================================

Cross Clock Domains Report:
--------------------------

Clock to Setup on destination clock CLK
---------------+---------+---------+---------+---------+
               | Src:Rise| Src:Fall| Src:Rise| Src:Fall|
Source Clock   |Dest:Rise|Dest:Rise|Dest:Fall|Dest:Fall|
---------------+---------+---------+---------+---------+
CLK            |    2.450|         |         |         |
---------------+---------+---------+---------+---------+

=========================================================================


Total REAL time to Xst completion: 4.00 secs
Total CPU time to Xst completion: 3.88 secs
 
--> 

Total memory usage is 182708 kilobytes

Number of errors   :    0 (   0 filtered)
Number of warnings :    2 (   0 filtered)
Number of infos    :    1 (   0 filtered)

